#
# There is insufficient memory for the Java Runtime Environment to continue.
# Native memory allocation (mmap) failed to map 268435456 bytes for G1 virtual space
# Possible reasons:
#   The system is out of physical RAM or swap space
#   The process is running with CompressedOops enabled, and the Java Heap may be blocking the growth of the native heap
# Possible solutions:
#   Reduce memory load on the system
#   Increase physical memory or swap space
#   Check if swap backing store is full
#   Decrease Java heap size (-Xmx/-Xms)
#   Decrease number of Java threads
#   Decrease Java thread stack sizes (-Xss)
#   Set larger code cache with -XX:ReservedCodeCacheSize=
#   JVM is running with Zero Based Compressed Oops mode in which the Java heap is
#     placed in the first 32GB address space. The Java Heap base address is the
#     maximum limit for the native heap growth. Please use -XX:HeapBaseMinAddress
#     to set the Java Heap base and to place the Java Heap above 32GB virtual address.
# This output file may be truncated or incomplete.
#
#  Out of Memory Error (os_windows.cpp:3769), pid=5440, tid=21704
#
# JRE version:  (17.0.6+1) (build )
# Java VM: OpenJDK 64-Bit Server VM (17.0.6+1-b653.34, mixed mode, sharing, tiered, compressed oops, compressed class ptrs, g1 gc, windows-amd64)
# No core dump will be written. Minidumps are not enabled by default on client versions of Windows
#

---------------  S U M M A R Y ------------

Command Line: git4idea.http.GitAskPassApp Username for 'https://github.com': 

Host: Intel(R) Core(TM) i7-4800MQ CPU @ 2.70GHz, 8 cores, 15G,  Windows 10 , 64 bit Build 19041 (10.0.19041.3570)
Time: Sun Dec 24 15:35:32 2023 Iran Standard Time elapsed time: 0.008952 seconds (0d 0h 0m 0s)

---------------  T H R E A D  ---------------

Current thread (0x000001f926b39350):  JavaThread "Unknown thread" [_thread_in_vm, id=21704, stack(0x0000007c4ee00000,0x0000007c4ef00000)]

Stack: [0x0000007c4ee00000,0x0000007c4ef00000]
Native frames: (J=compiled Java code, j=interpreted, Vv=VM code, C=native code)
V  [jvm.dll+0x683b4a]
V  [jvm.dll+0x842654]
V  [jvm.dll+0x843dfe]
V  [jvm.dll+0x844463]
V  [jvm.dll+0x249b75]
V  [jvm.dll+0x680a19]
V  [jvm.dll+0x674f0a]
V  [jvm.dll+0x309acb]
V  [jvm.dll+0x310f86]
V  [jvm.dll+0x3608ee]
V  [jvm.dll+0x360b1f]
V  [jvm.dll+0x2dfbf8]
V  [jvm.dll+0x2e0b64]
V  [jvm.dll+0x813f41]
V  [jvm.dll+0x36e6a1]
V  [jvm.dll+0x7f347c]
V  [jvm.dll+0x3f0e8f]
V  [jvm.dll+0x3f29d1]
C  [jli.dll+0x526b]
C  [ucrtbase.dll+0x21bb2]
C  [KERNEL32.DLL+0x17344]
C  [ntdll.dll+0x526b1]


---------------  P R O C E S S  ---------------

Threads class SMR info:
_java_thread_list=0x00007ffd4b42c058, length=0, elements={
}

Java Threads: ( => current thread )

Other Threads:
  0x000001f926ba6590 GCTaskThread "GC Thread#0" [stack: 0x0000007c4ef00000,0x0000007c4f000000] [id=10220]
  0x000001f926bb7360 ConcurrentGCThread "G1 Main Marker" [stack: 0x0000007c4f000000,0x0000007c4f100000] [id=12092]
  0x000001f926bb7d70 ConcurrentGCThread "G1 Conc#0" [stack: 0x0000007c4f100000,0x0000007c4f200000] [id=20440]

[error occurred during error reporting (printing all threads), id 0xc0000005, EXCEPTION_ACCESS_VIOLATION (0xc0000005) at pc=0x00007ffd4abe0797]

VM state: not at safepoint (not fully initialized)

VM Mutex/Monitor currently owned by a thread:  ([mutex/lock_event])
[0x000001f926b34a90] Heap_lock - owner thread: 0x000001f926b39350

Heap address: 0x0000000701600000, size: 4074 MB, Compressed Oops mode: Zero based, Oop shift amount: 3

CDS archive(s) mapped at: [0x0000000000000000-0x0000000000000000-0x0000000000000000), size 0, SharedBaseAddress: 0x0000000800000000, ArchiveRelocationMode: 0.
Narrow klass base: 0x0000000000000000, Narrow klass shift: 0, Narrow klass range: 0x0

GC Precious Log:
<Empty>

Heap:
 garbage-first heap   total 0K, used 0K [0x0000000701600000, 0x0000000800000000)
  region size 2048K, 0 young (0K), 0 survivors (0K)

[error occurred during error reporting (printing heap information), id 0xc0000005, EXCEPTION_ACCESS_VIOLATION (0xc0000005) at pc=0x00007ffd4afcd939]

GC Heap History (0 events):
No events

Dll operation events (1 events):
Event: 0.005 Loaded shared library C:\Program Files\Intelji-Community\jbr\bin\java.dll

Deoptimization events (0 events):
No events

Classes unloaded (0 events):
No events

Classes redefined (0 events):
No events

Internal exceptions (0 events):
No events

VM Operations (0 events):
No events

Events (0 events):
No events


Dynamic libraries:
0x00007ff609700000 - 0x00007ff60970a000 	C:\Program Files\Intelji-Community\jbr\bin\java.exe
0x00007ffd91450000 - 0x00007ffd91647000 	C:\Windows\SYSTEM32\ntdll.dll
0x00007ffd8fc60000 - 0x00007ffd8fd1d000 	C:\Windows\System32\KERNEL32.DLL
0x00007ffd8eb30000 - 0x00007ffd8ee26000 	C:\Windows\System32\KERNELBASE.dll
0x00007ffd8ef50000 - 0x00007ffd8f050000 	C:\Windows\System32\ucrtbase.dll
0x00007ffd70850000 - 0x00007ffd70867000 	C:\Program Files\Intelji-Community\jbr\bin\jli.dll
0x00007ffd8fa50000 - 0x00007ffd8fbee000 	C:\Windows\System32\USER32.dll
0x00007ffd8f330000 - 0x00007ffd8f352000 	C:\Windows\System32\win32u.dll
0x00007ffd82cc0000 - 0x00007ffd82f5a000 	C:\Windows\WinSxS\amd64_microsoft.windows.common-controls_6595b64144ccf1df_6.0.19041.3570_none_60bb2a3971f3e41a\COMCTL32.dll
0x00007ffd90b70000 - 0x00007ffd90c0e000 	C:\Windows\System32\msvcrt.dll
0x00007ffd903b0000 - 0x00007ffd903dc000 	C:\Windows\System32\GDI32.dll
0x00007ffd8f390000 - 0x00007ffd8f4aa000 	C:\Windows\System32\gdi32full.dll
0x00007ffd8f0a0000 - 0x00007ffd8f13d000 	C:\Windows\System32\msvcp_win.dll
0x00007ffd6fc70000 - 0x00007ffd6fc8b000 	C:\Program Files\Intelji-Community\jbr\bin\VCRUNTIME140.dll
0x00007ffd8f900000 - 0x00007ffd8f930000 	C:\Windows\System32\IMM32.DLL
0x00007ffd8c270000 - 0x00007ffd8c27c000 	C:\Program Files\Intelji-Community\jbr\bin\vcruntime140_1.dll
0x00007ffd54d70000 - 0x00007ffd54dfd000 	C:\Program Files\Intelji-Community\jbr\bin\msvcp140.dll
0x00007ffd4a8f0000 - 0x00007ffd4b55d000 	C:\Program Files\Intelji-Community\jbr\bin\server\jvm.dll
0x00007ffd90ac0000 - 0x00007ffd90b6e000 	C:\Windows\System32\ADVAPI32.dll
0x00007ffd8f9b0000 - 0x00007ffd8fa4c000 	C:\Windows\System32\sechost.dll
0x00007ffd8f610000 - 0x00007ffd8f736000 	C:\Windows\System32\RPCRT4.dll
0x00007ffd83710000 - 0x00007ffd83737000 	C:\Windows\SYSTEM32\WINMM.dll
0x00007ffd80660000 - 0x00007ffd80669000 	C:\Windows\SYSTEM32\WSOCK32.dll
0x00007ffd86190000 - 0x00007ffd8619a000 	C:\Windows\SYSTEM32\VERSION.dll
0x00007ffd8fd20000 - 0x00007ffd8fd8b000 	C:\Windows\System32\WS2_32.dll
0x00007ffd8d360000 - 0x00007ffd8d372000 	C:\Windows\SYSTEM32\kernel.appcore.dll
0x00007ffd89460000 - 0x00007ffd8946a000 	C:\Program Files\Intelji-Community\jbr\bin\jimage.dll
0x00007ffd87850000 - 0x00007ffd87a34000 	C:\Windows\SYSTEM32\DBGHELP.DLL
0x00007ffd7e6f0000 - 0x00007ffd7e724000 	C:\Windows\SYSTEM32\dbgcore.DLL
0x00007ffd8f2a0000 - 0x00007ffd8f322000 	C:\Windows\System32\bcryptPrimitives.dll
0x00007ffd708b0000 - 0x00007ffd708d5000 	C:\Program Files\Intelji-Community\jbr\bin\java.dll

dbghelp: loaded successfully - version: 4.0.5 - missing functions: none
symbol engine: initialized successfully - sym options: 0x614 - pdb path: .;C:\Program Files\Intelji-Community\jbr\bin;C:\Windows\SYSTEM32;C:\Windows\WinSxS\amd64_microsoft.windows.common-controls_6595b64144ccf1df_6.0.19041.3570_none_60bb2a3971f3e41a;C:\Program Files\Intelji-Community\jbr\bin\server

VM Arguments:
java_command: git4idea.http.GitAskPassApp Username for 'https://github.com': 
java_class_path (initial): C:/Program Files/Intelji-Community/plugins/vcs-git/lib/git4idea-rt.jar;C:/Program Files/Intelji-Community/lib/externalProcess-rt.jar;C:/Program Files/Intelji-Community/lib/app.jar;C:/Program Files/Intelji-Community/lib/3rd-party-rt.jar
Launcher Type: SUN_STANDARD

[Global flags]
     intx CICompilerCount                          = 4                                         {product} {ergonomic}
     uint ConcGCThreads                            = 2                                         {product} {ergonomic}
     uint G1ConcRefinementThreads                  = 8                                         {product} {ergonomic}
   size_t G1HeapRegionSize                         = 2097152                                   {product} {ergonomic}
    uintx GCDrainStackTargetSize                   = 64                                        {product} {ergonomic}
   size_t InitialHeapSize                          = 268435456                                 {product} {ergonomic}
   size_t MarkStackSize                            = 4194304                                   {product} {ergonomic}
   size_t MaxHeapSize                              = 4271898624                                {product} {ergonomic}
   size_t MinHeapDeltaBytes                        = 2097152                                   {product} {ergonomic}
   size_t MinHeapSize                              = 8388608                                   {product} {ergonomic}
    uintx NonNMethodCodeHeapSize                   = 5839372                                {pd product} {ergonomic}
    uintx NonProfiledCodeHeapSize                  = 122909434                              {pd product} {ergonomic}
    uintx ProfiledCodeHeapSize                     = 122909434                              {pd product} {ergonomic}
    uintx ReservedCodeCacheSize                    = 251658240                              {pd product} {ergonomic}
     bool SegmentedCodeCache                       = true                                      {product} {ergonomic}
   size_t SoftMaxHeapSize                          = 4271898624                             {manageable} {ergonomic}
     bool UseCompressedClassPointers               = true                           {product lp64_product} {ergonomic}
     bool UseCompressedOops                        = true                           {product lp64_product} {ergonomic}
     bool UseG1GC                                  = true                                      {product} {ergonomic}
     bool UseLargePagesIndividualAllocation        = false                                  {pd product} {ergonomic}

Logging:
Log output configuration:
 #0: stdout all=warning uptime,level,tags
 #1: stderr all=off uptime,level,tags

Environment Variables:
PATH=C:/Program Files/Git/mingw64/libexec/git-core;C:/Program Files/Git/mingw64/libexec/git-core;C:\Program Files\Git\mingw64\bin;C:\Program Files\Git\usr\bin;C:\Users\Yashar\bin;C:\Program Files\Common Files\Oracle\Java\javapath;C:\Windows\system32;C:\Windows;C:\Windows\System32\Wbem;C:\Windows\System32\WindowsPowerShell\v1.0\;C:\Windows\System32\OpenSSH\;C:\Program Files\Microsoft VS Code\bin;C:\Program Files\Git\cmd;C:\Program Files (x86)\AMD\ATI.ACE\Core-Static;C:\Program Files\WindowsPowerShell\Scripts;C:\Program Files\nodejs\;C:\ProgramData\chocolatey\bin;C:\Program Files\dotnet\;C:\Users\Yashar\.console-ninja\.bin;C:\Users\Yashar\AppData\Local\Microsoft\WindowsApps;C:\Users\Yashar\AppData\Local\GitHubDesktop\bin;C:\Users\Yashar\AppData\Local\Microsoft\WindowsApps;C:\Users\Yashar\AppData\Roaming\npm
USERNAME=Yashar
DISPLAY=:0.0
LC_ALL=en_US.UTF-8
TERM=xterm-256color
TMPDIR=C:\Users\Yashar\AppData\Local\Temp
OS=Windows_NT
PROCESSOR_IDENTIFIER=Intel64 Family 6 Model 60 Stepping 3, GenuineIntel
TMP=C:\Users\Yashar\AppData\Local\Temp
TEMP=C:\Users\Yashar\AppData\Local\Temp



---------------  S Y S T E M  ---------------

OS:
 Windows 10 , 64 bit Build 19041 (10.0.19041.3570)
OS uptime: 8 days 6:45 hours

CPU: total 8 (initial active 8) (4 cores per cpu, 2 threads per core) family 6 model 60 stepping 3 microcode 0x27, cx8, cmov, fxsr, ht, mmx, sse, sse2, sse3, ssse3, sse4.1, sse4.2, popcnt, lzcnt, tsc, tscinvbit, avx, avx2, aes, erms, clmul, bmi1, bmi2, fma, vzeroupper, clflush

Memory: 4k page, system-wide physical 16289M (4881M free)
TotalPageFile size 18337M (AvailPageFile size 148M)
current process WorkingSet (physical memory assigned to process): 10M, peak: 10M
current process commit charge ("private bytes"): 60M, peak: 316M

vm_info: OpenJDK 64-Bit Server VM (17.0.6+1-b653.34) for windows-amd64 JRE (17.0.6+1-b653.34), built on 2023-02-24 by "builduser" with MS VC++ 16.10 / 16.11 (VS2019)

END.
